<?xml version="1.0" encoding="UTF-8"?>
<!-- Generated by org.testng.reporters.JUnitReportReporter -->
<testsuite skipped="0" hostname="hp" name="com.LearningMaven.MavenPartTest" tests="1" failures="0" timestamp="2021-01-15T23:53:17 IST" time="0.023" errors="0">
  <testcase name="print" time="0.023" classname="com.LearningMaven.MavenPartTest"/>
  <system-out/>
</testsuite> <!-- com.LearningMaven.MavenPartTest -->
